{
  "RSpec": {
    "coverage": {
      "/Users/grangerabuhoff/dev/brokit/config/environment.rb": [
        null,
        1,
        null,
        null,
        1
      ],
      "/Users/grangerabuhoff/dev/brokit/config/application.rb": [
        1,
        null,
        1,
        null,
        null,
        null,
        1,
        null,
        1,
        1,
        null,
        null,
        null,
        null,
        null,
        null,
        null,
        null,
        null,
        null,
        null,
        null,
        null
      ],
      "/Users/grangerabuhoff/dev/brokit/config/boot.rb": [
        null,
        1,
        null,
        1
      ],
      "/Users/grangerabuhoff/dev/brokit/config/environments/test.rb": [
        1,
        null,
        null,
        null,
        null,
        null,
        null,
        1,
        null,
        null,
        null,
        null,
        1,
        null,
        null,
        1,
        1,
        null,
        null,
        1,
        1,
        null,
        null,
        1,
        null,
        null,
        1,
        null,
        null,
        null,
        null,
        1,
        null,
        null,
        1,
        null
      ],
      "/Users/grangerabuhoff/dev/brokit/config/initializers/api.rb": [
        1
      ],
      "/Users/grangerabuhoff/dev/brokit/config/initializers/backtrace_silencers.rb": [
        null,
        null,
        null,
        null,
        null,
        null,
        null
      ],
      "/Users/grangerabuhoff/dev/brokit/config/initializers/filter_parameter_logging.rb": [
        null,
        null,
        null,
        1
      ],
      "/Users/grangerabuhoff/dev/brokit/config/initializers/inflections.rb": [
        null,
        null,
        null,
        null,
        null,
        null,
        null,
        null,
        null,
        null,
        null,
        null,
        null,
        null,
        null,
        null
      ],
      "/Users/grangerabuhoff/dev/brokit/config/initializers/mime_types.rb": [
        null,
        null,
        null,
        null,
        null
      ],
      "/Users/grangerabuhoff/dev/brokit/config/initializers/secret_token.rb": [
        null,
        null,
        null,
        null,
        null,
        null,
        null,
        null,
        null,
        null,
        null,
        1
      ],
      "/Users/grangerabuhoff/dev/brokit/config/initializers/session_store.rb": [
        null,
        null,
        1
      ],
      "/Users/grangerabuhoff/dev/brokit/config/initializers/wrap_parameters.rb": [
        null,
        null,
        null,
        null,
        null,
        null,
        1,
        1,
        null,
        null,
        null,
        null,
        null,
        null
      ],
      "/Users/grangerabuhoff/dev/brokit/spec/factories/apartment.rb": [
        null,
        null,
        null,
        null,
        null,
        null,
        null
      ],
      "/Users/grangerabuhoff/dev/brokit/spec/factories/client.rb": [
        null,
        null,
        null,
        null,
        null,
        null,
        null,
        null,
        null,
        null,
        null,
        null,
        null,
        null
      ],
      "/Users/grangerabuhoff/dev/brokit/spec/factories/user.rb": [
        null,
        null,
        null,
        null,
        null,
        null,
        null,
        null,
        null,
        null,
        null,
        null,
        null
      ],
      "/Users/grangerabuhoff/dev/brokit/config/routes.rb": [
        1,
        null,
        1,
        1,
        1,
        1,
        null,
        1,
        null,
        1,
        1,
        1,
        null,
        1,
        null,
        1,
        null,
        null,
        null,
        null,
        null,
        null,
        null,
        null,
        null,
        null,
        null,
        null,
        null,
        null,
        null,
        null,
        null,
        null,
        null,
        null,
        null,
        null,
        null,
        null,
        null,
        null,
        null,
        null,
        null,
        null,
        null,
        null,
        null,
        null,
        null,
        null,
        null,
        null,
        null,
        null,
        null,
        null,
        null,
        null,
        null,
        null,
        null,
        null,
        null,
        null,
        null,
        null,
        null,
        null,
        null,
        null
      ],
      "/Users/grangerabuhoff/dev/brokit/app/helpers/application_helper.rb": [
        1,
        null,
        1,
        0,
        null,
        null,
        1,
        0,
        0,
        null,
        null,
        null,
        1,
        0,
        null,
        null,
        1,
        0,
        null,
        null,
        1,
        0,
        null,
        null,
        null
      ],
      "/Users/grangerabuhoff/dev/brokit/app/helpers/client_favorites_helper.rb": [
        1,
        null
      ],
      "/Users/grangerabuhoff/dev/brokit/app/helpers/clients_helper.rb": [
        1,
        null
      ],
      "/Users/grangerabuhoff/dev/brokit/app/helpers/confirmation_helper.rb": [
        1,
        1,
        0,
        0,
        0,
        0,
        0,
        null,
        0,
        null,
        null,
        1,
        0,
        null,
        null,
        null,
        null
      ],
      "/Users/grangerabuhoff/dev/brokit/app/helpers/neighborhood_helper.rb": [
        1,
        1,
        0,
        null,
        null,
        1,
        0,
        0,
        null,
        null,
        0,
        null,
        null,
        1,
        0,
        null,
        null,
        1,
        0,
        null,
        null,
        null
      ],
      "/Users/grangerabuhoff/dev/brokit/app/models/apartment.rb": [
        1,
        1,
        1,
        1,
        null,
        null,
        null,
        null,
        null,
        null
      ]
    },
    "timestamp": 1393597879
  }
}
